<?xml version="1.0" encoding="UTF-8"?>
<testsuite xmlns:xsi="http://www.w3.org/2001/XMLSchema-instance" xsi:noNamespaceSchemaLocation="https://maven.apache.org/surefire/maven-surefire-plugin/xsd/surefire-test-report-3.0.xsd" version="3.0" name="runner.TestRunner" time="22.662" tests="2" errors="0" skipped="0" failures="2">
  <properties>
[...]
</properties>
  <testcase name="runScenario[&quot;Successful login with valid credentials DDT&quot;, &quot;Login&quot;](1)" classname="runner.TestRunner" time="14.187">
    <failure message="invalid session id&#10;Build info: version: &apos;4.7.2&apos;, revision: &apos;4d4020c3b7&apos;&#10;System info: os.name: &apos;Windows 11&apos;, os.arch: &apos;amd64&apos;, os.version: &apos;10.0&apos;, java.version: &apos;17.0.5&apos;&#10;Driver info: org.openqa.selenium.chrome.ChromeDriver&#10;Command: [00937bfad44ae602964e24dc1bd739f3, screenshot {}]&#10;Capabilities {acceptInsecureCerts: false, browserName: chrome, browserVersion: 111.0.5563.147, chrome: {chromedriverVersion: 111.0.5563.64 (c710e93d5b63..., userDataDir: C:\Users\SUBIRS~1\AppData\L...}, goog:chromeOptions: {debuggerAddress: localhost:56201}, networkConnectionEnabled: false, pageLoadStrategy: normal, platformName: WINDOWS, proxy: Proxy(), se:cdp: ws://localhost:56201/devtoo..., se:cdpVersion: 111.0.5563.147, setWindowRect: true, strictFileInteractability: false, timeouts: {implicit: 0, pageLoad: 300000, script: 30000}, unhandledPromptBehavior: dismiss and notify, webauthn:extension:credBlob: true, webauthn:extension:largeBlob: true, webauthn:extension:minPinLength: true, webauthn:extension:prf: true, webauthn:virtualAuthenticators: true}&#10;Session ID: 00937bfad44ae602964e24dc1bd739f3" type="org.openqa.selenium.NoSuchSessionException"><![CDATA[org.openqa.selenium.NoSuchSessionException: 
invalid session id
Build info: version: '4.7.2', revision: '4d4020c3b7'
System info: os.name: 'Windows 11', os.arch: 'amd64', os.version: '10.0', java.version: '17.0.5'
Driver info: org.openqa.selenium.chrome.ChromeDriver
Command: [00937bfad44ae602964e24dc1bd739f3, screenshot {}]
Capabilities {acceptInsecureCerts: false, browserName: chrome, browserVersion: 111.0.5563.147, chrome: {chromedriverVersion: 111.0.5563.64 (c710e93d5b63..., userDataDir: C:\Users\SUBIRS~1\AppData\L...}, goog:chromeOptions: {debuggerAddress: localhost:56201}, networkConnectionEnabled: false, pageLoadStrategy: normal, platformName: WINDOWS, proxy: Proxy(), se:cdp: ws://localhost:56201/devtoo..., se:cdpVersion: 111.0.5563.147, setWindowRect: true, strictFileInteractability: false, timeouts: {implicit: 0, pageLoad: 300000, script: 30000}, unhandledPromptBehavior: dismiss and notify, webauthn:extension:credBlob: true, webauthn:extension:largeBlob: true, webauthn:extension:minPinLength: true, webauthn:extension:prf: true, webauthn:virtualAuthenticators: true}
Session ID: 00937bfad44ae602964e24dc1bd739f3
	at java.base/jdk.internal.reflect.NativeConstructorAccessorImpl.newInstance0(Native Method)
	at java.base/jdk.internal.reflect.NativeConstructorAccessorImpl.newInstance(NativeConstructorAccessorImpl.java:77)
	at java.base/jdk.internal.reflect.DelegatingConstructorAccessorImpl.newInstance(DelegatingConstructorAccessorImpl.java:45)
	at java.base/java.lang.reflect.Constructor.newInstanceWithCaller(Constructor.java:499)
	at java.base/java.lang.reflect.Constructor.newInstance(Constructor.java:480)
	at org.openqa.selenium.remote.codec.w3c.W3CHttpResponseCodec.createException(W3CHttpResponseCodec.java:200)
	at org.openqa.selenium.remote.codec.w3c.W3CHttpResponseCodec.decode(W3CHttpResponseCodec.java:133)
	at org.openqa.selenium.remote.codec.w3c.W3CHttpResponseCodec.decode(W3CHttpResponseCodec.java:53)
	at org.openqa.selenium.remote.HttpCommandExecutor.execute(HttpCommandExecutor.java:184)
	at org.openqa.selenium.remote.service.DriverCommandExecutor.invokeExecute(DriverCommandExecutor.java:167)
	at org.openqa.selenium.remote.service.DriverCommandExecutor.execute(DriverCommandExecutor.java:142)
	at org.openqa.selenium.remote.RemoteWebDriver.execute(RemoteWebDriver.java:535)
	at org.openqa.selenium.remote.RemoteWebDriver.execute(RemoteWebDriver.java:590)
	at org.openqa.selenium.remote.RemoteWebDriver.execute(RemoteWebDriver.java:594)
	at org.openqa.selenium.remote.RemoteWebDriver.getScreenshotAs(RemoteWebDriver.java:317)
	at stepDefinition.StepDef.addScreenshot(StepDef.java:175)
]]></failure>
    <system-out><![CDATA[Setup-sanity method executed
[DEBUG] Resolution chrome=111 in cache (valid until 14:56:15 01/04/2023 IST)
[DEBUG] Resolution chrome111=111.0.5563.64 in cache (valid until 13:56:15 02/04/2023 IST)
[INFO] Using chromedriver 111.0.5563.64 (resolved driver for Chrome 111)
[DEBUG] Driver chromedriver 111.0.5563.64 found in cache
[INFO] Exporting webdriver.chrome.driver as C:\Users\Subir Sarkar\.cache\selenium\chromedriver\win32\111.0.5563.64\chromedriver.exe
[DEBUG] Using SLF4J as the default logging framework
[DEBUG] -Dio.netty.leakDetection.level: simple
[DEBUG] -Dio.netty.leakDetection.targetRecords: 4
[DEBUG] Loaded default ResourceLeakDetector: io.netty.util.ResourceLeakDetector@b835727
[DEBUG] -Dio.netty.noUnsafe: false
[DEBUG] Java version: 17
[DEBUG] sun.misc.Unsafe.theUnsafe: available
[DEBUG] sun.misc.Unsafe.copyMemory: available
[DEBUG] sun.misc.Unsafe.storeFence: available
[DEBUG] java.nio.Buffer.address: available
[DEBUG] direct buffer constructor: unavailable: Reflective setAccessible(true) disabled
[DEBUG] java.nio.Bits.unaligned: available, true
[DEBUG] jdk.internal.misc.Unsafe.allocateUninitializedArray(int): unavailable: class io.netty.util.internal.PlatformDependent0$7 cannot access class jdk.internal.misc.Unsafe (in module java.base) because module java.base does not export jdk.internal.misc to unnamed module @23e028a9
[DEBUG] java.nio.DirectByteBuffer.<init>(long, int): unavailable
[DEBUG] sun.misc.Unsafe: available
[DEBUG] maxDirectMemory: 4238344192 bytes (maybe)
[DEBUG] -Dio.netty.tmpdir: C:\Users\SUBIRS~1\AppData\Local\Temp (java.io.tmpdir)
[DEBUG] -Dio.netty.bitMode: 64 (sun.arch.data.model)
[DEBUG] Platform: Windows
[DEBUG] -Dio.netty.maxDirectMemory: -1 bytes
[DEBUG] -Dio.netty.uninitializedArrayAllocationThreshold: -1
[DEBUG] java.nio.ByteBuffer.cleaner(): available
[DEBUG] -Dio.netty.noPreferDirect: false
[DEBUG] org.jctools-core.MpscChunkedArrayQueue: available
[DEBUG] -Dio.netty.threadLocalMap.stringBuilder.initialSize: 1024
[DEBUG] -Dio.netty.threadLocalMap.stringBuilder.maxSize: 4096
[DEBUG] Default protocols (JDK): [TLSv1.3, TLSv1.2] 
[DEBUG] Default cipher suites (JDK): [TLS_ECDHE_ECDSA_WITH_AES_256_GCM_SHA384, TLS_ECDHE_ECDSA_WITH_AES_128_GCM_SHA256, TLS_ECDHE_RSA_WITH_AES_128_GCM_SHA256, TLS_ECDHE_RSA_WITH_AES_256_GCM_SHA384, TLS_ECDHE_RSA_WITH_AES_128_CBC_SHA, TLS_ECDHE_RSA_WITH_AES_256_CBC_SHA, TLS_RSA_WITH_AES_128_GCM_SHA256, TLS_RSA_WITH_AES_128_CBC_SHA, TLS_RSA_WITH_AES_256_CBC_SHA, TLS_AES_128_GCM_SHA256, TLS_AES_256_GCM_SHA384]
[DEBUG] -Dio.netty.eventLoopThreads: 16
[DEBUG] -Dio.netty.noKeySetOptimization: false
[DEBUG] -Dio.netty.selectorAutoRebuildThreshold: 512
[DEBUG] -Dio.netty.allocator.numHeapArenas: 16
[DEBUG] -Dio.netty.allocator.numDirectArenas: 16
[DEBUG] -Dio.netty.allocator.pageSize: 8192
[DEBUG] -Dio.netty.allocator.maxOrder: 9
[DEBUG] -Dio.netty.allocator.chunkSize: 4194304
[DEBUG] -Dio.netty.allocator.smallCacheSize: 256
[DEBUG] -Dio.netty.allocator.normalCacheSize: 64
[DEBUG] -Dio.netty.allocator.maxCachedBufferCapacity: 32768
[DEBUG] -Dio.netty.allocator.cacheTrimInterval: 8192
[DEBUG] -Dio.netty.allocator.cacheTrimIntervalMillis: 0
[DEBUG] -Dio.netty.allocator.useCacheForAllThreads: false
[DEBUG] -Dio.netty.allocator.maxCachedByteBuffersPerChunk: 1023
[DEBUG] -Dio.netty.allocator.type: pooled
[DEBUG] -Dio.netty.threadLocalDirectBufferSize: 0
[DEBUG] -Dio.netty.maxThreadLocalCharBufferSize: 16384
[DEBUG] -Dio.netty.processId: 241240 (auto-detected)
[DEBUG] -Djava.net.preferIPv4Stack: false
[DEBUG] -Djava.net.preferIPv6Addresses: false
[DEBUG] Loopback interface: lo (Software Loopback Interface 1, 127.0.0.1)
[DEBUG] Failed to get SOMAXCONN from sysctl and file \proc\sys\net\core\somaxconn. Default: 200
[DEBUG] -Dio.netty.machineId: 70:a6:cc:ff:fe:c7:82:bf (auto-detected)
[DEBUG] -Dio.netty.buffer.checkAccessible: true
[DEBUG] -Dio.netty.buffer.checkBounds: true
[DEBUG] Loaded default ResourceLeakDetector: io.netty.util.ResourceLeakDetector@1a510f63
[DEBUG] Using new Channel '[id: 0x6dc3f60e, L:/127.0.0.1:56198 - R:localhost/127.0.0.1:21881]' for 'POST' to '/session'
[DEBUG] -Dio.netty.recycler.maxCapacityPerThread: 4096
[DEBUG] -Dio.netty.recycler.ratio: 8
[DEBUG] -Dio.netty.recycler.chunkSize: 32
[DEBUG] -Dio.netty.recycler.blocking: false
[DEBUG] brotli4j not in the classpath; Brotli support will be unavailable.
[DEBUG] 

Request DefaultHttpRequest(decodeResult: success, version: HTTP/1.1)
POST /session HTTP/1.1
User-Agent: selenium/4.7.2 (java windows)
Content-Length: 439
Content-Type: application/json; charset=utf-8
host: localhost:21881
accept: */*

Response DefaultHttpResponse(decodeResult: success, version: HTTP/1.1)
HTTP/1.1 200 OK
Content-Type: application/json; charset=utf-8
cache-control: no-cache
content-length: 864

[DEBUG] Adding key: http://localhost:21881 for channel [id: 0x6dc3f60e, L:/127.0.0.1:56198 - R:localhost/127.0.0.1:21881]
[DEBUG] Using new Channel '[id: 0xdd986a1f, L:/127.0.0.1:56212 - R:localhost/127.0.0.1:56201]' for 'GET' to '/json/version'
[DEBUG] 

Request DefaultFullHttpRequest(decodeResult: success, version: HTTP/1.1, content: EmptyByteBufBE)
GET /json/version HTTP/1.1
User-Agent: selenium/4.7.2 (java windows)
host: localhost:56201
accept: */*

Response DefaultHttpResponse(decodeResult: success, version: HTTP/1.1)
HTTP/1.1 200 OK
Content-Security-Policy: frame-ancestors 'none'
Content-Type: application/json; charset=UTF-8
content-length: 424

[DEBUG] Adding key: http://localhost:56201 for channel [id: 0xdd986a1f, L:/127.0.0.1:56212 - R:localhost/127.0.0.1:56201]
[DEBUG] -Dio.netty.initialSeedUniquifier: 0x197b701bc1b2b4b7
[DEBUG] Using new Channel '[id: 0xdea447ab, L:/127.0.0.1:56213 - R:localhost/127.0.0.1:56201]' for 'GET' to '/devtools/browser/c54f9811-7c66-48f0-934e-d1f8c87ad886'
[DEBUG] 

Request DefaultFullHttpRequest(decodeResult: success, version: HTTP/1.1, content: EmptyByteBufBE)
GET /devtools/browser/c54f9811-7c66-48f0-934e-d1f8c87ad886 HTTP/1.1
upgrade: websocket
connection: upgrade
sec-websocket-key: nBTiGucJn+yek6WSKxPRaw==
sec-websocket-version: 13
origin: http://localhost:56201
host: localhost:56201
accept: */*
user-agent: AHC/2.1

Response DefaultHttpResponse(decodeResult: success, version: HTTP/1.1)
HTTP/1.1 101 WebSocket Protocol Handshake
Upgrade: WebSocket
Connection: Upgrade
Sec-WebSocket-Accept: IAA64In4yHj6rLoAMZM1bUwspMg=

[DEBUG] Using pooled Channel '[id: 0x6dc3f60e, L:/127.0.0.1:56198 - R:localhost/127.0.0.1:21881]' for 'POST' to 'http://localhost:21881/session/00937bfad44ae602964e24dc1bd739f3/window/maximize'
[DEBUG] Using open Channel [id: 0x6dc3f60e, L:/127.0.0.1:56198 - R:localhost/127.0.0.1:21881] for POST '/session/00937bfad44ae602964e24dc1bd739f3/window/maximize'
[DEBUG] 

Request DefaultHttpRequest(decodeResult: success, version: HTTP/1.1)
POST /session/00937bfad44ae602964e24dc1bd739f3/window/maximize HTTP/1.1
User-Agent: selenium/4.7.2 (java windows)
Content-Length: 3
Content-Type: application/json; charset=utf-8
host: localhost:21881
accept: */*

Response DefaultHttpResponse(decodeResult: success, version: HTTP/1.1)
HTTP/1.1 200 OK
Content-Type: application/json; charset=utf-8
cache-control: no-cache
content-length: 51

[DEBUG] Adding key: http://localhost:21881 for channel [id: 0x6dc3f60e, L:/127.0.0.1:56198 - R:localhost/127.0.0.1:21881]
[INFO ] 2023-04-01 14:30:11.363 [main] StepDef - setup executed....
This is before step method
[INFO ] 2023-04-01 14:30:11.429 [main] StepDef - User launch chrome browser
[DEBUG] Using pooled Channel '[id: 0x6dc3f60e, L:/127.0.0.1:56198 - R:localhost/127.0.0.1:21881]' for 'GET' to 'http://localhost:21881/session/00937bfad44ae602964e24dc1bd739f3/screenshot'
[DEBUG] Using open Channel [id: 0x6dc3f60e, L:/127.0.0.1:56198 - R:localhost/127.0.0.1:21881] for GET '/session/00937bfad44ae602964e24dc1bd739f3/screenshot'
[DEBUG] Entry count for : http://localhost:56201 : 1
[DEBUG] 

Request DefaultFullHttpRequest(decodeResult: success, version: HTTP/1.1, content: EmptyByteBufBE)
GET /session/00937bfad44ae602964e24dc1bd739f3/screenshot HTTP/1.1
User-Agent: selenium/4.7.2 (java windows)
Cache-Control: no-cache
Content-Type: application/json; charset=utf-8
host: localhost:21881
accept: */*

Response DefaultHttpResponse(decodeResult: success, version: HTTP/1.1)
HTTP/1.1 200 OK
Content-Type: application/json; charset=utf-8
cache-control: no-cache
content-length: 11504

[DEBUG] Adding key: http://localhost:21881 for channel [id: 0x6dc3f60e, L:/127.0.0.1:56198 - R:localhost/127.0.0.1:21881]
This is before step method
[DEBUG] Using pooled Channel '[id: 0x6dc3f60e, L:/127.0.0.1:56198 - R:localhost/127.0.0.1:21881]' for 'POST' to 'http://localhost:21881/session/00937bfad44ae602964e24dc1bd739f3/url'
[DEBUG] Using open Channel [id: 0x6dc3f60e, L:/127.0.0.1:56198 - R:localhost/127.0.0.1:21881] for POST '/session/00937bfad44ae602964e24dc1bd739f3/url'
[DEBUG] Entry count for : http://localhost:56201 : 1
[DEBUG] 

Request DefaultHttpRequest(decodeResult: success, version: HTTP/1.1)
POST /session/00937bfad44ae602964e24dc1bd739f3/url HTTP/1.1
User-Agent: selenium/4.7.2 (java windows)
Content-Length: 70
Content-Type: application/json; charset=utf-8
host: localhost:21881
accept: */*

Response DefaultHttpResponse(decodeResult: success, version: HTTP/1.1)
HTTP/1.1 200 OK
Content-Type: application/json; charset=utf-8
cache-control: no-cache
content-length: 14

[DEBUG] Adding key: http://localhost:21881 for channel [id: 0x6dc3f60e, L:/127.0.0.1:56198 - R:localhost/127.0.0.1:21881]
[INFO ] 2023-04-01 14:30:13.283 [main] StepDef - Url Open....
[DEBUG] Using pooled Channel '[id: 0x6dc3f60e, L:/127.0.0.1:56198 - R:localhost/127.0.0.1:21881]' for 'GET' to 'http://localhost:21881/session/00937bfad44ae602964e24dc1bd739f3/screenshot'
[DEBUG] Using open Channel [id: 0x6dc3f60e, L:/127.0.0.1:56198 - R:localhost/127.0.0.1:21881] for GET '/session/00937bfad44ae602964e24dc1bd739f3/screenshot'
[DEBUG] 

Request DefaultFullHttpRequest(decodeResult: success, version: HTTP/1.1, content: EmptyByteBufBE)
GET /session/00937bfad44ae602964e24dc1bd739f3/screenshot HTTP/1.1
User-Agent: selenium/4.7.2 (java windows)
Cache-Control: no-cache
Content-Type: application/json; charset=utf-8
host: localhost:21881
accept: */*

Response DefaultHttpResponse(decodeResult: success, version: HTTP/1.1)
HTTP/1.1 200 OK
Content-Type: application/json; charset=utf-8
cache-control: no-cache
content-length: 64252

[DEBUG] Adding key: http://localhost:21881 for channel [id: 0x6dc3f60e, L:/127.0.0.1:56198 - R:localhost/127.0.0.1:21881]
This is before step method
[DEBUG] Using pooled Channel '[id: 0x6dc3f60e, L:/127.0.0.1:56198 - R:localhost/127.0.0.1:21881]' for 'POST' to 'http://localhost:21881/session/00937bfad44ae602964e24dc1bd739f3/element'
[DEBUG] Using open Channel [id: 0x6dc3f60e, L:/127.0.0.1:56198 - R:localhost/127.0.0.1:21881] for POST '/session/00937bfad44ae602964e24dc1bd739f3/element'
[DEBUG] 

Request DefaultHttpRequest(decodeResult: success, version: HTTP/1.1)
POST /session/00937bfad44ae602964e24dc1bd739f3/element HTTP/1.1
User-Agent: selenium/4.7.2 (java windows)
Content-Length: 50
Content-Type: application/json; charset=utf-8
host: localhost:21881
accept: */*

Response DefaultHttpResponse(decodeResult: success, version: HTTP/1.1)
HTTP/1.1 200 OK
Content-Type: application/json; charset=utf-8
cache-control: no-cache
content-length: 88

[DEBUG] Adding key: http://localhost:21881 for channel [id: 0x6dc3f60e, L:/127.0.0.1:56198 - R:localhost/127.0.0.1:21881]
[DEBUG] Using pooled Channel '[id: 0x6dc3f60e, L:/127.0.0.1:56198 - R:localhost/127.0.0.1:21881]' for 'POST' to 'http://localhost:21881/session/00937bfad44ae602964e24dc1bd739f3/element/d97573d6-c03d-491c-9e25-257ca2683f1f/clear'
[DEBUG] Using open Channel [id: 0x6dc3f60e, L:/127.0.0.1:56198 - R:localhost/127.0.0.1:21881] for POST '/session/00937bfad44ae602964e24dc1bd739f3/element/d97573d6-c03d-491c-9e25-257ca2683f1f/clear'
[DEBUG] 

Request DefaultHttpRequest(decodeResult: success, version: HTTP/1.1)
POST /session/00937bfad44ae602964e24dc1bd739f3/element/d97573d6-c03d-491c-9e25-257ca2683f1f/clear HTTP/1.1
User-Agent: selenium/4.7.2 (java windows)
Content-Length: 50
Content-Type: application/json; charset=utf-8
host: localhost:21881
accept: */*

Response DefaultHttpResponse(decodeResult: success, version: HTTP/1.1)
HTTP/1.1 200 OK
Content-Type: application/json; charset=utf-8
cache-control: no-cache
content-length: 14

[DEBUG] Adding key: http://localhost:21881 for channel [id: 0x6dc3f60e, L:/127.0.0.1:56198 - R:localhost/127.0.0.1:21881]
[DEBUG] Using pooled Channel '[id: 0x6dc3f60e, L:/127.0.0.1:56198 - R:localhost/127.0.0.1:21881]' for 'POST' to 'http://localhost:21881/session/00937bfad44ae602964e24dc1bd739f3/element'
[DEBUG] Using open Channel [id: 0x6dc3f60e, L:/127.0.0.1:56198 - R:localhost/127.0.0.1:21881] for POST '/session/00937bfad44ae602964e24dc1bd739f3/element'
[DEBUG] 

Request DefaultHttpRequest(decodeResult: success, version: HTTP/1.1)
POST /session/00937bfad44ae602964e24dc1bd739f3/element HTTP/1.1
User-Agent: selenium/4.7.2 (java windows)
Content-Length: 50
Content-Type: application/json; charset=utf-8
host: localhost:21881
accept: */*

Response DefaultHttpResponse(decodeResult: success, version: HTTP/1.1)
HTTP/1.1 200 OK
Content-Type: application/json; charset=utf-8
cache-control: no-cache
content-length: 88

[DEBUG] Adding key: http://localhost:21881 for channel [id: 0x6dc3f60e, L:/127.0.0.1:56198 - R:localhost/127.0.0.1:21881]
[DEBUG] Using pooled Channel '[id: 0x6dc3f60e, L:/127.0.0.1:56198 - R:localhost/127.0.0.1:21881]' for 'POST' to 'http://localhost:21881/session/00937bfad44ae602964e24dc1bd739f3/element/d97573d6-c03d-491c-9e25-257ca2683f1f/value'
[DEBUG] Using open Channel [id: 0x6dc3f60e, L:/127.0.0.1:56198 - R:localhost/127.0.0.1:21881] for POST '/session/00937bfad44ae602964e24dc1bd739f3/element/d97573d6-c03d-491c-9e25-257ca2683f1f/value'
[DEBUG] 

Request DefaultHttpRequest(decodeResult: success, version: HTTP/1.1)
POST /session/00937bfad44ae602964e24dc1bd739f3/element/d97573d6-c03d-491c-9e25-257ca2683f1f/value HTTP/1.1
User-Agent: selenium/4.7.2 (java windows)
Content-Length: 271
Content-Type: application/json; charset=utf-8
host: localhost:21881
accept: */*

Response DefaultHttpResponse(decodeResult: success, version: HTTP/1.1)
HTTP/1.1 200 OK
Content-Type: application/json; charset=utf-8
cache-control: no-cache
content-length: 14

[DEBUG] Adding key: http://localhost:21881 for channel [id: 0x6dc3f60e, L:/127.0.0.1:56198 - R:localhost/127.0.0.1:21881]
[DEBUG] Using pooled Channel '[id: 0x6dc3f60e, L:/127.0.0.1:56198 - R:localhost/127.0.0.1:21881]' for 'POST' to 'http://localhost:21881/session/00937bfad44ae602964e24dc1bd739f3/element'
[DEBUG] Using open Channel [id: 0x6dc3f60e, L:/127.0.0.1:56198 - R:localhost/127.0.0.1:21881] for POST '/session/00937bfad44ae602964e24dc1bd739f3/element'
[DEBUG] 

Request DefaultHttpRequest(decodeResult: success, version: HTTP/1.1)
POST /session/00937bfad44ae602964e24dc1bd739f3/element HTTP/1.1
User-Agent: selenium/4.7.2 (java windows)
Content-Length: 53
Content-Type: application/json; charset=utf-8
host: localhost:21881
accept: */*

Response DefaultHttpResponse(decodeResult: success, version: HTTP/1.1)
HTTP/1.1 200 OK
Content-Type: application/json; charset=utf-8
cache-control: no-cache
content-length: 88

[DEBUG] Adding key: http://localhost:21881 for channel [id: 0x6dc3f60e, L:/127.0.0.1:56198 - R:localhost/127.0.0.1:21881]
[DEBUG] Using pooled Channel '[id: 0x6dc3f60e, L:/127.0.0.1:56198 - R:localhost/127.0.0.1:21881]' for 'POST' to 'http://localhost:21881/session/00937bfad44ae602964e24dc1bd739f3/element/26e865a4-200b-4790-8209-498751081093/clear'
[DEBUG] Using open Channel [id: 0x6dc3f60e, L:/127.0.0.1:56198 - R:localhost/127.0.0.1:21881] for POST '/session/00937bfad44ae602964e24dc1bd739f3/element/26e865a4-200b-4790-8209-498751081093/clear'
[DEBUG] 

Request DefaultHttpRequest(decodeResult: success, version: HTTP/1.1)
POST /session/00937bfad44ae602964e24dc1bd739f3/element/26e865a4-200b-4790-8209-498751081093/clear HTTP/1.1
User-Agent: selenium/4.7.2 (java windows)
Content-Length: 50
Content-Type: application/json; charset=utf-8
host: localhost:21881
accept: */*

Response DefaultHttpResponse(decodeResult: success, version: HTTP/1.1)
HTTP/1.1 200 OK
Content-Type: application/json; charset=utf-8
cache-control: no-cache
content-length: 14

[DEBUG] Adding key: http://localhost:21881 for channel [id: 0x6dc3f60e, L:/127.0.0.1:56198 - R:localhost/127.0.0.1:21881]
[DEBUG] Using pooled Channel '[id: 0x6dc3f60e, L:/127.0.0.1:56198 - R:localhost/127.0.0.1:21881]' for 'POST' to 'http://localhost:21881/session/00937bfad44ae602964e24dc1bd739f3/element'
[DEBUG] Using open Channel [id: 0x6dc3f60e, L:/127.0.0.1:56198 - R:localhost/127.0.0.1:21881] for POST '/session/00937bfad44ae602964e24dc1bd739f3/element'
[DEBUG] 

Request DefaultHttpRequest(decodeResult: success, version: HTTP/1.1)
POST /session/00937bfad44ae602964e24dc1bd739f3/element HTTP/1.1
User-Agent: selenium/4.7.2 (java windows)
Content-Length: 53
Content-Type: application/json; charset=utf-8
host: localhost:21881
accept: */*

Response DefaultHttpResponse(decodeResult: success, version: HTTP/1.1)
HTTP/1.1 200 OK
Content-Type: application/json; charset=utf-8
cache-control: no-cache
content-length: 88

[DEBUG] Adding key: http://localhost:21881 for channel [id: 0x6dc3f60e, L:/127.0.0.1:56198 - R:localhost/127.0.0.1:21881]
[DEBUG] Using pooled Channel '[id: 0x6dc3f60e, L:/127.0.0.1:56198 - R:localhost/127.0.0.1:21881]' for 'POST' to 'http://localhost:21881/session/00937bfad44ae602964e24dc1bd739f3/element/26e865a4-200b-4790-8209-498751081093/value'
[DEBUG] Using open Channel [id: 0x6dc3f60e, L:/127.0.0.1:56198 - R:localhost/127.0.0.1:21881] for POST '/session/00937bfad44ae602964e24dc1bd739f3/element/26e865a4-200b-4790-8209-498751081093/value'
[DEBUG] 

Request DefaultHttpRequest(decodeResult: success, version: HTTP/1.1)
POST /session/00937bfad44ae602964e24dc1bd739f3/element/26e865a4-200b-4790-8209-498751081093/value HTTP/1.1
User-Agent: selenium/4.7.2 (java windows)
Content-Length: 131
Content-Type: application/json; charset=utf-8
host: localhost:21881
accept: */*

Response DefaultHttpResponse(decodeResult: success, version: HTTP/1.1)
HTTP/1.1 200 OK
Content-Type: application/json; charset=utf-8
cache-control: no-cache
content-length: 14

[DEBUG] Adding key: http://localhost:21881 for channel [id: 0x6dc3f60e, L:/127.0.0.1:56198 - R:localhost/127.0.0.1:21881]
[INFO ] 2023-04-01 14:30:13.595 [main] StepDef - User enters email and password
[DEBUG] Using pooled Channel '[id: 0x6dc3f60e, L:/127.0.0.1:56198 - R:localhost/127.0.0.1:21881]' for 'GET' to 'http://localhost:21881/session/00937bfad44ae602964e24dc1bd739f3/screenshot'
[DEBUG] Using open Channel [id: 0x6dc3f60e, L:/127.0.0.1:56198 - R:localhost/127.0.0.1:21881] for GET '/session/00937bfad44ae602964e24dc1bd739f3/screenshot'
[DEBUG] Entry count for : http://localhost:56201 : 1
[DEBUG] 

Request DefaultFullHttpRequest(decodeResult: success, version: HTTP/1.1, content: EmptyByteBufBE)
GET /session/00937bfad44ae602964e24dc1bd739f3/screenshot HTTP/1.1
User-Agent: selenium/4.7.2 (java windows)
Cache-Control: no-cache
Content-Type: application/json; charset=utf-8
host: localhost:21881
accept: */*

Response DefaultHttpResponse(decodeResult: success, version: HTTP/1.1)
HTTP/1.1 200 OK
Content-Type: application/json; charset=utf-8
cache-control: no-cache
content-length: 64500

[DEBUG] Adding key: http://localhost:21881 for channel [id: 0x6dc3f60e, L:/127.0.0.1:56198 - R:localhost/127.0.0.1:21881]
This is before step method
[DEBUG] Using pooled Channel '[id: 0x6dc3f60e, L:/127.0.0.1:56198 - R:localhost/127.0.0.1:21881]' for 'POST' to 'http://localhost:21881/session/00937bfad44ae602964e24dc1bd739f3/element'
[DEBUG] Using open Channel [id: 0x6dc3f60e, L:/127.0.0.1:56198 - R:localhost/127.0.0.1:21881] for POST '/session/00937bfad44ae602964e24dc1bd739f3/element'
[DEBUG] 

Request DefaultHttpRequest(decodeResult: success, version: HTTP/1.1)
POST /session/00937bfad44ae602964e24dc1bd739f3/element HTTP/1.1
User-Agent: selenium/4.7.2 (java windows)
Content-Length: 82
Content-Type: application/json; charset=utf-8
host: localhost:21881
accept: */*

Response DefaultHttpResponse(decodeResult: success, version: HTTP/1.1)
HTTP/1.1 200 OK
Content-Type: application/json; charset=utf-8
cache-control: no-cache
content-length: 88

[DEBUG] Adding key: http://localhost:21881 for channel [id: 0x6dc3f60e, L:/127.0.0.1:56198 - R:localhost/127.0.0.1:21881]
[DEBUG] Using pooled Channel '[id: 0x6dc3f60e, L:/127.0.0.1:56198 - R:localhost/127.0.0.1:21881]' for 'POST' to 'http://localhost:21881/session/00937bfad44ae602964e24dc1bd739f3/element/4a980333-43cb-42bf-9d26-099d29ba1e75/click'
[DEBUG] Using open Channel [id: 0x6dc3f60e, L:/127.0.0.1:56198 - R:localhost/127.0.0.1:21881] for POST '/session/00937bfad44ae602964e24dc1bd739f3/element/4a980333-43cb-42bf-9d26-099d29ba1e75/click'
[DEBUG] Entry count for : http://localhost:56201 : 1
[DEBUG] Entry count for : http://localhost:56201 : 1
[DEBUG] Entry count for : http://localhost:56201 : 1
[DEBUG] Entry count for : http://localhost:56201 : 1
[DEBUG] 

Request DefaultHttpRequest(decodeResult: success, version: HTTP/1.1)
POST /session/00937bfad44ae602964e24dc1bd739f3/element/4a980333-43cb-42bf-9d26-099d29ba1e75/click HTTP/1.1
User-Agent: selenium/4.7.2 (java windows)
Content-Length: 50
Content-Type: application/json; charset=utf-8
host: localhost:21881
accept: */*

Response DefaultHttpResponse(decodeResult: success, version: HTTP/1.1)
HTTP/1.1 200 OK
Content-Type: application/json; charset=utf-8
cache-control: no-cache
content-length: 14

[DEBUG] Adding key: http://localhost:21881 for channel [id: 0x6dc3f60e, L:/127.0.0.1:56198 - R:localhost/127.0.0.1:21881]
[INFO ] 2023-04-01 14:30:18.389 [main] StepDef - User click on Login....
[DEBUG] Using pooled Channel '[id: 0x6dc3f60e, L:/127.0.0.1:56198 - R:localhost/127.0.0.1:21881]' for 'GET' to 'http://localhost:21881/session/00937bfad44ae602964e24dc1bd739f3/screenshot'
[DEBUG] Using open Channel [id: 0x6dc3f60e, L:/127.0.0.1:56198 - R:localhost/127.0.0.1:21881] for GET '/session/00937bfad44ae602964e24dc1bd739f3/screenshot'
[DEBUG] 

Request DefaultFullHttpRequest(decodeResult: success, version: HTTP/1.1, content: EmptyByteBufBE)
GET /session/00937bfad44ae602964e24dc1bd739f3/screenshot HTTP/1.1
User-Agent: selenium/4.7.2 (java windows)
Cache-Control: no-cache
Content-Type: application/json; charset=utf-8
host: localhost:21881
accept: */*

Response DefaultHttpResponse(decodeResult: success, version: HTTP/1.1)
HTTP/1.1 200 OK
Content-Type: application/json; charset=utf-8
cache-control: no-cache
content-length: 201396

[DEBUG] Adding key: http://localhost:21881 for channel [id: 0x6dc3f60e, L:/127.0.0.1:56198 - R:localhost/127.0.0.1:21881]
This is before step method
[DEBUG] Using pooled Channel '[id: 0x6dc3f60e, L:/127.0.0.1:56198 - R:localhost/127.0.0.1:21881]' for 'GET' to 'http://localhost:21881/session/00937bfad44ae602964e24dc1bd739f3/title'
[DEBUG] Using open Channel [id: 0x6dc3f60e, L:/127.0.0.1:56198 - R:localhost/127.0.0.1:21881] for GET '/session/00937bfad44ae602964e24dc1bd739f3/title'
[DEBUG] 

Request DefaultFullHttpRequest(decodeResult: success, version: HTTP/1.1, content: EmptyByteBufBE)
GET /session/00937bfad44ae602964e24dc1bd739f3/title HTTP/1.1
User-Agent: selenium/4.7.2 (java windows)
Cache-Control: no-cache
Content-Type: application/json; charset=utf-8
host: localhost:21881
accept: */*

Response DefaultHttpResponse(decodeResult: success, version: HTTP/1.1)
HTTP/1.1 200 OK
Content-Type: application/json; charset=utf-8
cache-control: no-cache
content-length: 50

[DEBUG] Adding key: http://localhost:21881 for channel [id: 0x6dc3f60e, L:/127.0.0.1:56198 - R:localhost/127.0.0.1:21881]
[WARN ] 2023-04-01 14:30:18.534 [main] StepDef - Test Passed: Login feature page title matched
[DEBUG] Using pooled Channel '[id: 0x6dc3f60e, L:/127.0.0.1:56198 - R:localhost/127.0.0.1:21881]' for 'GET' to 'http://localhost:21881/session/00937bfad44ae602964e24dc1bd739f3/screenshot'
[DEBUG] Using open Channel [id: 0x6dc3f60e, L:/127.0.0.1:56198 - R:localhost/127.0.0.1:21881] for GET '/session/00937bfad44ae602964e24dc1bd739f3/screenshot'
[DEBUG] 

Request DefaultFullHttpRequest(decodeResult: success, version: HTTP/1.1, content: EmptyByteBufBE)
GET /session/00937bfad44ae602964e24dc1bd739f3/screenshot HTTP/1.1
User-Agent: selenium/4.7.2 (java windows)
Cache-Control: no-cache
Content-Type: application/json; charset=utf-8
host: localhost:21881
accept: */*

Response DefaultHttpResponse(decodeResult: success, version: HTTP/1.1)
HTTP/1.1 200 OK
Content-Type: application/json; charset=utf-8
cache-control: no-cache
content-length: 201420

[DEBUG] Adding key: http://localhost:21881 for channel [id: 0x6dc3f60e, L:/127.0.0.1:56198 - R:localhost/127.0.0.1:21881]
This is before step method
[DEBUG] Using pooled Channel '[id: 0x6dc3f60e, L:/127.0.0.1:56198 - R:localhost/127.0.0.1:21881]' for 'POST' to 'http://localhost:21881/session/00937bfad44ae602964e24dc1bd739f3/element'
[DEBUG] Using open Channel [id: 0x6dc3f60e, L:/127.0.0.1:56198 - R:localhost/127.0.0.1:21881] for POST '/session/00937bfad44ae602964e24dc1bd739f3/element'
[DEBUG] 

Request DefaultHttpRequest(decodeResult: success, version: HTTP/1.1)
POST /session/00937bfad44ae602964e24dc1bd739f3/element HTTP/1.1
User-Agent: selenium/4.7.2 (java windows)
Content-Length: 77
Content-Type: application/json; charset=utf-8
host: localhost:21881
accept: */*

Response DefaultHttpResponse(decodeResult: success, version: HTTP/1.1)
HTTP/1.1 200 OK
Content-Type: application/json; charset=utf-8
cache-control: no-cache
content-length: 88

[DEBUG] Adding key: http://localhost:21881 for channel [id: 0x6dc3f60e, L:/127.0.0.1:56198 - R:localhost/127.0.0.1:21881]
[DEBUG] Using pooled Channel '[id: 0x6dc3f60e, L:/127.0.0.1:56198 - R:localhost/127.0.0.1:21881]' for 'POST' to 'http://localhost:21881/session/00937bfad44ae602964e24dc1bd739f3/element/4ee6f204-3dc8-4ed3-a054-8bb8bb95cefb/click'
[DEBUG] Using open Channel [id: 0x6dc3f60e, L:/127.0.0.1:56198 - R:localhost/127.0.0.1:21881] for POST '/session/00937bfad44ae602964e24dc1bd739f3/element/4ee6f204-3dc8-4ed3-a054-8bb8bb95cefb/click'
[DEBUG] Entry count for : http://localhost:56201 : 1
[DEBUG] Entry count for : http://localhost:56201 : 1
[DEBUG] Entry count for : http://localhost:56201 : 1
[DEBUG] 

Request DefaultHttpRequest(decodeResult: success, version: HTTP/1.1)
POST /session/00937bfad44ae602964e24dc1bd739f3/element/4ee6f204-3dc8-4ed3-a054-8bb8bb95cefb/click HTTP/1.1
User-Agent: selenium/4.7.2 (java windows)
Content-Length: 50
Content-Type: application/json; charset=utf-8
host: localhost:21881
accept: */*

Response DefaultHttpResponse(decodeResult: success, version: HTTP/1.1)
HTTP/1.1 200 OK
Content-Type: application/json; charset=utf-8
cache-control: no-cache
content-length: 14

[DEBUG] Adding key: http://localhost:21881 for channel [id: 0x6dc3f60e, L:/127.0.0.1:56198 - R:localhost/127.0.0.1:21881]
[INFO ] 2023-04-01 14:30:21.427 [main] StepDef - User Logged out....
[DEBUG] Using pooled Channel '[id: 0x6dc3f60e, L:/127.0.0.1:56198 - R:localhost/127.0.0.1:21881]' for 'GET' to 'http://localhost:21881/session/00937bfad44ae602964e24dc1bd739f3/screenshot'
[DEBUG] Using open Channel [id: 0x6dc3f60e, L:/127.0.0.1:56198 - R:localhost/127.0.0.1:21881] for GET '/session/00937bfad44ae602964e24dc1bd739f3/screenshot'
[DEBUG] 

Request DefaultFullHttpRequest(decodeResult: success, version: HTTP/1.1, content: EmptyByteBufBE)
GET /session/00937bfad44ae602964e24dc1bd739f3/screenshot HTTP/1.1
User-Agent: selenium/4.7.2 (java windows)
Cache-Control: no-cache
Content-Type: application/json; charset=utf-8
host: localhost:21881
accept: */*

Response DefaultHttpResponse(decodeResult: success, version: HTTP/1.1)
HTTP/1.1 200 OK
Content-Type: application/json; charset=utf-8
cache-control: no-cache
content-length: 64252

[DEBUG] Adding key: http://localhost:21881 for channel [id: 0x6dc3f60e, L:/127.0.0.1:56198 - R:localhost/127.0.0.1:21881]
This is before step method
[DEBUG] Using pooled Channel '[id: 0x6dc3f60e, L:/127.0.0.1:56198 - R:localhost/127.0.0.1:21881]' for 'GET' to 'http://localhost:21881/session/00937bfad44ae602964e24dc1bd739f3/title'
[DEBUG] Using open Channel [id: 0x6dc3f60e, L:/127.0.0.1:56198 - R:localhost/127.0.0.1:21881] for GET '/session/00937bfad44ae602964e24dc1bd739f3/title'
[DEBUG] 

Request DefaultFullHttpRequest(decodeResult: success, version: HTTP/1.1, content: EmptyByteBufBE)
GET /session/00937bfad44ae602964e24dc1bd739f3/title HTTP/1.1
User-Agent: selenium/4.7.2 (java windows)
Cache-Control: no-cache
Content-Type: application/json; charset=utf-8
host: localhost:21881
accept: */*

Response DefaultHttpResponse(decodeResult: success, version: HTTP/1.1)
HTTP/1.1 200 OK
Content-Type: application/json; charset=utf-8
cache-control: no-cache
content-length: 29

[DEBUG] Adding key: http://localhost:21881 for channel [id: 0x6dc3f60e, L:/127.0.0.1:56198 - R:localhost/127.0.0.1:21881]
[WARN ] 2023-04-01 14:30:21.561 [main] StepDef - Test Passed: Login feature page title matched
[DEBUG] Using pooled Channel '[id: 0x6dc3f60e, L:/127.0.0.1:56198 - R:localhost/127.0.0.1:21881]' for 'GET' to 'http://localhost:21881/session/00937bfad44ae602964e24dc1bd739f3/screenshot'
[DEBUG] Using open Channel [id: 0x6dc3f60e, L:/127.0.0.1:56198 - R:localhost/127.0.0.1:21881] for GET '/session/00937bfad44ae602964e24dc1bd739f3/screenshot'
[DEBUG] 

Request DefaultFullHttpRequest(decodeResult: success, version: HTTP/1.1, content: EmptyByteBufBE)
GET /session/00937bfad44ae602964e24dc1bd739f3/screenshot HTTP/1.1
User-Agent: selenium/4.7.2 (java windows)
Cache-Control: no-cache
Content-Type: application/json; charset=utf-8
host: localhost:21881
accept: */*

Response DefaultHttpResponse(decodeResult: success, version: HTTP/1.1)
HTTP/1.1 200 OK
Content-Type: application/json; charset=utf-8
cache-control: no-cache
content-length: 64252

[DEBUG] Adding key: http://localhost:21881 for channel [id: 0x6dc3f60e, L:/127.0.0.1:56198 - R:localhost/127.0.0.1:21881]
This is before step method
[DEBUG] Using pooled Channel '[id: 0x6dc3f60e, L:/127.0.0.1:56198 - R:localhost/127.0.0.1:21881]' for 'DELETE' to 'http://localhost:21881/session/00937bfad44ae602964e24dc1bd739f3/window'
[DEBUG] Using open Channel [id: 0x6dc3f60e, L:/127.0.0.1:56198 - R:localhost/127.0.0.1:21881] for DELETE '/session/00937bfad44ae602964e24dc1bd739f3/window'
[DEBUG] Channel Closed: [id: 0xdd986a1f, L:/127.0.0.1:56212 ! R:localhost/127.0.0.1:56201] with attribute DISCARD
[DEBUG] Channel Closed: [id: 0xdea447ab, L:/127.0.0.1:56213 ! R:localhost/127.0.0.1:56201] with attribute NettyResponseFuture{currentRetry=0,
	isDone=1,
	isCancelled=0,
	asyncHandler=org.asynchttpclient.ws.WebSocketUpgradeHandler@2fc90eb6,
	nettyRequest=org.asynchttpclient.netty.request.NettyRequest@26a29746,
	future=java.util.concurrent.CompletableFuture@38715fc9[Completed normally],
	uri=ws://localhost:56201/devtools/browser/c54f9811-7c66-48f0-934e-d1f8c87ad886,
	keepAlive=true,
	redirectCount=0,
	timeoutsHolder=null,
	inAuth=0,
	touch=1680339610718}
[DEBUG] Closing Channel [id: 0xdea447ab, L:/127.0.0.1:56213 ! R:localhost/127.0.0.1:56201] 
[DEBUG] 

Request DefaultFullHttpRequest(decodeResult: success, version: HTTP/1.1, content: EmptyByteBufBE)
DELETE /session/00937bfad44ae602964e24dc1bd739f3/window HTTP/1.1
User-Agent: selenium/4.7.2 (java windows)
Content-Type: application/json; charset=utf-8
host: localhost:21881
accept: */*

Response DefaultHttpResponse(decodeResult: success, version: HTTP/1.1)
HTTP/1.1 200 OK
Content-Type: application/json; charset=utf-8
cache-control: no-cache
content-length: 12

[DEBUG] Adding key: http://localhost:21881 for channel [id: 0x6dc3f60e, L:/127.0.0.1:56198 - R:localhost/127.0.0.1:21881]
[INFO ] 2023-04-01 14:30:21.784 [main] StepDef - User close the browser...
[DEBUG] Using pooled Channel '[id: 0x6dc3f60e, L:/127.0.0.1:56198 - R:localhost/127.0.0.1:21881]' for 'GET' to 'http://localhost:21881/session/00937bfad44ae602964e24dc1bd739f3/screenshot'
[DEBUG] Using open Channel [id: 0x6dc3f60e, L:/127.0.0.1:56198 - R:localhost/127.0.0.1:21881] for GET '/session/00937bfad44ae602964e24dc1bd739f3/screenshot'
[DEBUG] 

Request DefaultFullHttpRequest(decodeResult: success, version: HTTP/1.1, content: EmptyByteBufBE)
GET /session/00937bfad44ae602964e24dc1bd739f3/screenshot HTTP/1.1
User-Agent: selenium/4.7.2 (java windows)
Cache-Control: no-cache
Content-Type: application/json; charset=utf-8
host: localhost:21881
accept: */*

Response DefaultHttpResponse(decodeResult: success, version: HTTP/1.1)
HTTP/1.1 404 Not Found
Content-Type: application/json; charset=utf-8
cache-control: no-cache
content-length: 645

[DEBUG] Adding key: http://localhost:21881 for channel [id: 0x6dc3f60e, L:/127.0.0.1:56198 - R:localhost/127.0.0.1:21881]
Tear down method executed
[DEBUG] Using pooled Channel '[id: 0x6dc3f60e, L:/127.0.0.1:56198 - R:localhost/127.0.0.1:21881]' for 'GET' to 'http://localhost:21881/session/00937bfad44ae602964e24dc1bd739f3/screenshot'
[DEBUG] Using open Channel [id: 0x6dc3f60e, L:/127.0.0.1:56198 - R:localhost/127.0.0.1:21881] for GET '/session/00937bfad44ae602964e24dc1bd739f3/screenshot'
[DEBUG] 

Request DefaultFullHttpRequest(decodeResult: success, version: HTTP/1.1, content: EmptyByteBufBE)
GET /session/00937bfad44ae602964e24dc1bd739f3/screenshot HTTP/1.1
User-Agent: selenium/4.7.2 (java windows)
Cache-Control: no-cache
Content-Type: application/json; charset=utf-8
host: localhost:21881
accept: */*

Response DefaultHttpResponse(decodeResult: success, version: HTTP/1.1)
HTTP/1.1 404 Not Found
Content-Type: application/json; charset=utf-8
cache-control: no-cache
content-length: 799

[DEBUG] Adding key: http://localhost:21881 for channel [id: 0x6dc3f60e, L:/127.0.0.1:56198 - R:localhost/127.0.0.1:21881]
]]></system-out>
    <system-err><![CDATA[Starting ChromeDriver 111.0.5563.64 (c710e93d5b63b7095afe8c2c17df34408078439d-refs/branch-heads/5563@{#995}) on port 21881
Only local connections are allowed.
Please see https://chromedriver.chromium.org/security-considerations for suggestions on keeping ChromeDriver safe.
ChromeDriver was started successfully.
Apr 01, 2023 2:30:10 PM org.openqa.selenium.devtools.CdpVersionFinder findNearestMatch
WARNING: Unable to find an exact match for CDP version 111, so returning the closest version found: 108
]]></system-err>
  </testcase>
  <testcase name="runScenario[&quot;Successful login with valid credentials DDT&quot;, &quot;Login&quot;](2)" classname="runner.TestRunner" time="5.914">
    <failure type="java.lang.AssertionError"><![CDATA[java.lang.AssertionError
	at org.junit.Assert.fail(Assert.java:87)
	at org.junit.Assert.assertTrue(Assert.java:42)
	at org.junit.Assert.assertTrue(Assert.java:53)
	at stepDefinition.StepDef.page_title_should_be(StepDef.java:230)
	at ✽.page title should be "Dashboard / nopCommerce administration"(file:///G:/My%20Drive/EclpsePrjct1/CucumberWithCodeStudio/./Features/LoginFeature.feature:19)
]]></failure>
    <system-out><![CDATA[Setup-sanity method executed
[DEBUG] Resolution chrome=111 in cache (valid until 14:56:15 01/04/2023 IST)
[DEBUG] Resolution chrome111=111.0.5563.64 in cache (valid until 13:56:15 02/04/2023 IST)
[INFO] Using chromedriver 111.0.5563.64 (resolved driver for Chrome 111)
[DEBUG] Driver chromedriver 111.0.5563.64 found in cache
[INFO] Exporting webdriver.chrome.driver as C:\Users\Subir Sarkar\.cache\selenium\chromedriver\win32\111.0.5563.64\chromedriver.exe
[DEBUG] Using new Channel '[id: 0x7fc39210, L:/127.0.0.1:56243 - R:localhost/127.0.0.1:47657]' for 'POST' to '/session'
[DEBUG] Entry count for : http://localhost:56201 : 1
[DEBUG] Entry count for : http://localhost:21881 : 1
[DEBUG] Adding Candidate expired Channel [id: 0xdd986a1f, L:/127.0.0.1:56212 ! R:localhost/127.0.0.1:56201] isIdleTimeoutExpired=false isRemotelyClosed=true isTtlExpired=false
[DEBUG] Closing Idle Channel [id: 0xdd986a1f, L:/127.0.0.1:56212 ! R:localhost/127.0.0.1:56201]
[DEBUG] Closed 1 connections out of 2 in 0 ms
[DEBUG] 

Request DefaultHttpRequest(decodeResult: success, version: HTTP/1.1)
POST /session HTTP/1.1
User-Agent: selenium/4.7.2 (java windows)
Content-Length: 439
Content-Type: application/json; charset=utf-8
host: localhost:47657
accept: */*

Response DefaultHttpResponse(decodeResult: success, version: HTTP/1.1)
HTTP/1.1 200 OK
Content-Type: application/json; charset=utf-8
cache-control: no-cache
content-length: 863

[DEBUG] Adding key: http://localhost:47657 for channel [id: 0x7fc39210, L:/127.0.0.1:56243 - R:localhost/127.0.0.1:47657]
[DEBUG] Using new Channel '[id: 0xee947d59, L:/127.0.0.1:56257 - R:localhost/127.0.0.1:56246]' for 'GET' to '/json/version'
[DEBUG] 

Request DefaultFullHttpRequest(decodeResult: success, version: HTTP/1.1, content: EmptyByteBufBE)
GET /json/version HTTP/1.1
User-Agent: selenium/4.7.2 (java windows)
host: localhost:56246
accept: */*

Response DefaultHttpResponse(decodeResult: success, version: HTTP/1.1)
HTTP/1.1 200 OK
Content-Security-Policy: frame-ancestors 'none'
Content-Type: application/json; charset=UTF-8
content-length: 424

[DEBUG] Adding key: http://localhost:56246 for channel [id: 0xee947d59, L:/127.0.0.1:56257 - R:localhost/127.0.0.1:56246]
[DEBUG] Using new Channel '[id: 0x10fca0e1, L:/127.0.0.1:56258 - R:localhost/127.0.0.1:56246]' for 'GET' to '/devtools/browser/3cdc8fb9-eb7d-4a03-be8f-bbe4825e3c60'
[DEBUG] 

Request DefaultFullHttpRequest(decodeResult: success, version: HTTP/1.1, content: EmptyByteBufBE)
GET /devtools/browser/3cdc8fb9-eb7d-4a03-be8f-bbe4825e3c60 HTTP/1.1
upgrade: websocket
connection: upgrade
sec-websocket-key: WlhFWyZ/QzOk/IIPKLuG8w==
sec-websocket-version: 13
origin: http://localhost:56246
host: localhost:56246
accept: */*
user-agent: AHC/2.1

Response DefaultHttpResponse(decodeResult: success, version: HTTP/1.1)
HTTP/1.1 101 WebSocket Protocol Handshake
Upgrade: WebSocket
Connection: Upgrade
Sec-WebSocket-Accept: I89wSoxoQ52kdHJHB0dN2vgGAco=

[DEBUG] Using pooled Channel '[id: 0x7fc39210, L:/127.0.0.1:56243 - R:localhost/127.0.0.1:47657]' for 'POST' to 'http://localhost:47657/session/5ea984d1d7c327c15c35fbb7834474d0/window/maximize'
[DEBUG] Using open Channel [id: 0x7fc39210, L:/127.0.0.1:56243 - R:localhost/127.0.0.1:47657] for POST '/session/5ea984d1d7c327c15c35fbb7834474d0/window/maximize'
[DEBUG] 

Request DefaultHttpRequest(decodeResult: success, version: HTTP/1.1)
POST /session/5ea984d1d7c327c15c35fbb7834474d0/window/maximize HTTP/1.1
User-Agent: selenium/4.7.2 (java windows)
Content-Length: 3
Content-Type: application/json; charset=utf-8
host: localhost:47657
accept: */*

Response DefaultHttpResponse(decodeResult: success, version: HTTP/1.1)
HTTP/1.1 200 OK
Content-Type: application/json; charset=utf-8
cache-control: no-cache
content-length: 51

[DEBUG] Adding key: http://localhost:47657 for channel [id: 0x7fc39210, L:/127.0.0.1:56243 - R:localhost/127.0.0.1:47657]
[INFO ] 2023-04-01 14:30:22.752 [main] StepDef - setup executed....
This is before step method
[INFO ] 2023-04-01 14:30:22.756 [main] StepDef - User launch chrome browser
[DEBUG] Using pooled Channel '[id: 0x7fc39210, L:/127.0.0.1:56243 - R:localhost/127.0.0.1:47657]' for 'GET' to 'http://localhost:47657/session/5ea984d1d7c327c15c35fbb7834474d0/screenshot'
[DEBUG] Using open Channel [id: 0x7fc39210, L:/127.0.0.1:56243 - R:localhost/127.0.0.1:47657] for GET '/session/5ea984d1d7c327c15c35fbb7834474d0/screenshot'
[DEBUG] 

Request DefaultFullHttpRequest(decodeResult: success, version: HTTP/1.1, content: EmptyByteBufBE)
GET /session/5ea984d1d7c327c15c35fbb7834474d0/screenshot HTTP/1.1
User-Agent: selenium/4.7.2 (java windows)
Cache-Control: no-cache
Content-Type: application/json; charset=utf-8
host: localhost:47657
accept: */*

Response DefaultHttpResponse(decodeResult: success, version: HTTP/1.1)
HTTP/1.1 200 OK
Content-Type: application/json; charset=utf-8
cache-control: no-cache
content-length: 11504

[DEBUG] Adding key: http://localhost:47657 for channel [id: 0x7fc39210, L:/127.0.0.1:56243 - R:localhost/127.0.0.1:47657]
This is before step method
[DEBUG] Using pooled Channel '[id: 0x7fc39210, L:/127.0.0.1:56243 - R:localhost/127.0.0.1:47657]' for 'POST' to 'http://localhost:47657/session/5ea984d1d7c327c15c35fbb7834474d0/url'
[DEBUG] Using open Channel [id: 0x7fc39210, L:/127.0.0.1:56243 - R:localhost/127.0.0.1:47657] for POST '/session/5ea984d1d7c327c15c35fbb7834474d0/url'
[DEBUG] Entry count for : http://localhost:56246 : 1
[DEBUG] Entry count for : http://localhost:21881 : 1
[DEBUG] Entry count for : http://localhost:56246 : 1
[DEBUG] Entry count for : http://localhost:21881 : 1
[DEBUG] 

Request DefaultHttpRequest(decodeResult: success, version: HTTP/1.1)
POST /session/5ea984d1d7c327c15c35fbb7834474d0/url HTTP/1.1
User-Agent: selenium/4.7.2 (java windows)
Content-Length: 70
Content-Type: application/json; charset=utf-8
host: localhost:47657
accept: */*

Response DefaultHttpResponse(decodeResult: success, version: HTTP/1.1)
HTTP/1.1 200 OK
Content-Type: application/json; charset=utf-8
cache-control: no-cache
content-length: 14

[DEBUG] Adding key: http://localhost:47657 for channel [id: 0x7fc39210, L:/127.0.0.1:56243 - R:localhost/127.0.0.1:47657]
[INFO ] 2023-04-01 14:30:25.559 [main] StepDef - Url Open....
[DEBUG] Using pooled Channel '[id: 0x7fc39210, L:/127.0.0.1:56243 - R:localhost/127.0.0.1:47657]' for 'GET' to 'http://localhost:47657/session/5ea984d1d7c327c15c35fbb7834474d0/screenshot'
[DEBUG] Using open Channel [id: 0x7fc39210, L:/127.0.0.1:56243 - R:localhost/127.0.0.1:47657] for GET '/session/5ea984d1d7c327c15c35fbb7834474d0/screenshot'
[DEBUG] 

Request DefaultFullHttpRequest(decodeResult: success, version: HTTP/1.1, content: EmptyByteBufBE)
GET /session/5ea984d1d7c327c15c35fbb7834474d0/screenshot HTTP/1.1
User-Agent: selenium/4.7.2 (java windows)
Cache-Control: no-cache
Content-Type: application/json; charset=utf-8
host: localhost:47657
accept: */*

Response DefaultHttpResponse(decodeResult: success, version: HTTP/1.1)
HTTP/1.1 200 OK
Content-Type: application/json; charset=utf-8
cache-control: no-cache
content-length: 64252

[DEBUG] Adding key: http://localhost:47657 for channel [id: 0x7fc39210, L:/127.0.0.1:56243 - R:localhost/127.0.0.1:47657]
This is before step method
[DEBUG] Using pooled Channel '[id: 0x7fc39210, L:/127.0.0.1:56243 - R:localhost/127.0.0.1:47657]' for 'POST' to 'http://localhost:47657/session/5ea984d1d7c327c15c35fbb7834474d0/element'
[DEBUG] Using open Channel [id: 0x7fc39210, L:/127.0.0.1:56243 - R:localhost/127.0.0.1:47657] for POST '/session/5ea984d1d7c327c15c35fbb7834474d0/element'
[DEBUG] 

Request DefaultHttpRequest(decodeResult: success, version: HTTP/1.1)
POST /session/5ea984d1d7c327c15c35fbb7834474d0/element HTTP/1.1
User-Agent: selenium/4.7.2 (java windows)
Content-Length: 50
Content-Type: application/json; charset=utf-8
host: localhost:47657
accept: */*

Response DefaultHttpResponse(decodeResult: success, version: HTTP/1.1)
HTTP/1.1 200 OK
Content-Type: application/json; charset=utf-8
cache-control: no-cache
content-length: 88

[DEBUG] Adding key: http://localhost:47657 for channel [id: 0x7fc39210, L:/127.0.0.1:56243 - R:localhost/127.0.0.1:47657]
[DEBUG] Using pooled Channel '[id: 0x7fc39210, L:/127.0.0.1:56243 - R:localhost/127.0.0.1:47657]' for 'POST' to 'http://localhost:47657/session/5ea984d1d7c327c15c35fbb7834474d0/element/f567a012-dabf-469f-bdbe-233f82d23012/clear'
[DEBUG] Using open Channel [id: 0x7fc39210, L:/127.0.0.1:56243 - R:localhost/127.0.0.1:47657] for POST '/session/5ea984d1d7c327c15c35fbb7834474d0/element/f567a012-dabf-469f-bdbe-233f82d23012/clear'
[DEBUG] 

Request DefaultHttpRequest(decodeResult: success, version: HTTP/1.1)
POST /session/5ea984d1d7c327c15c35fbb7834474d0/element/f567a012-dabf-469f-bdbe-233f82d23012/clear HTTP/1.1
User-Agent: selenium/4.7.2 (java windows)
Content-Length: 50
Content-Type: application/json; charset=utf-8
host: localhost:47657
accept: */*

Response DefaultHttpResponse(decodeResult: success, version: HTTP/1.1)
HTTP/1.1 200 OK
Content-Type: application/json; charset=utf-8
cache-control: no-cache
content-length: 14

[DEBUG] Adding key: http://localhost:47657 for channel [id: 0x7fc39210, L:/127.0.0.1:56243 - R:localhost/127.0.0.1:47657]
[DEBUG] Using pooled Channel '[id: 0x7fc39210, L:/127.0.0.1:56243 - R:localhost/127.0.0.1:47657]' for 'POST' to 'http://localhost:47657/session/5ea984d1d7c327c15c35fbb7834474d0/element'
[DEBUG] Using open Channel [id: 0x7fc39210, L:/127.0.0.1:56243 - R:localhost/127.0.0.1:47657] for POST '/session/5ea984d1d7c327c15c35fbb7834474d0/element'
[DEBUG] 

Request DefaultHttpRequest(decodeResult: success, version: HTTP/1.1)
POST /session/5ea984d1d7c327c15c35fbb7834474d0/element HTTP/1.1
User-Agent: selenium/4.7.2 (java windows)
Content-Length: 50
Content-Type: application/json; charset=utf-8
host: localhost:47657
accept: */*

Response DefaultHttpResponse(decodeResult: success, version: HTTP/1.1)
HTTP/1.1 200 OK
Content-Type: application/json; charset=utf-8
cache-control: no-cache
content-length: 88

[DEBUG] Adding key: http://localhost:47657 for channel [id: 0x7fc39210, L:/127.0.0.1:56243 - R:localhost/127.0.0.1:47657]
[DEBUG] Using pooled Channel '[id: 0x7fc39210, L:/127.0.0.1:56243 - R:localhost/127.0.0.1:47657]' for 'POST' to 'http://localhost:47657/session/5ea984d1d7c327c15c35fbb7834474d0/element/f567a012-dabf-469f-bdbe-233f82d23012/value'
[DEBUG] Using open Channel [id: 0x7fc39210, L:/127.0.0.1:56243 - R:localhost/127.0.0.1:47657] for POST '/session/5ea984d1d7c327c15c35fbb7834474d0/element/f567a012-dabf-469f-bdbe-233f82d23012/value'
[DEBUG] Entry count for : http://localhost:56246 : 1
[DEBUG] Entry count for : http://localhost:21881 : 1
[DEBUG] 

Request DefaultHttpRequest(decodeResult: success, version: HTTP/1.1)
POST /session/5ea984d1d7c327c15c35fbb7834474d0/element/f567a012-dabf-469f-bdbe-233f82d23012/value HTTP/1.1
User-Agent: selenium/4.7.2 (java windows)
Content-Length: 261
Content-Type: application/json; charset=utf-8
host: localhost:47657
accept: */*

Response DefaultHttpResponse(decodeResult: success, version: HTTP/1.1)
HTTP/1.1 200 OK
Content-Type: application/json; charset=utf-8
cache-control: no-cache
content-length: 14

[DEBUG] Adding key: http://localhost:47657 for channel [id: 0x7fc39210, L:/127.0.0.1:56243 - R:localhost/127.0.0.1:47657]
[DEBUG] Using pooled Channel '[id: 0x7fc39210, L:/127.0.0.1:56243 - R:localhost/127.0.0.1:47657]' for 'POST' to 'http://localhost:47657/session/5ea984d1d7c327c15c35fbb7834474d0/element'
[DEBUG] Using open Channel [id: 0x7fc39210, L:/127.0.0.1:56243 - R:localhost/127.0.0.1:47657] for POST '/session/5ea984d1d7c327c15c35fbb7834474d0/element'
[DEBUG] 

Request DefaultHttpRequest(decodeResult: success, version: HTTP/1.1)
POST /session/5ea984d1d7c327c15c35fbb7834474d0/element HTTP/1.1
User-Agent: selenium/4.7.2 (java windows)
Content-Length: 53
Content-Type: application/json; charset=utf-8
host: localhost:47657
accept: */*

Response DefaultHttpResponse(decodeResult: success, version: HTTP/1.1)
HTTP/1.1 200 OK
Content-Type: application/json; charset=utf-8
cache-control: no-cache
content-length: 88

[DEBUG] Adding key: http://localhost:47657 for channel [id: 0x7fc39210, L:/127.0.0.1:56243 - R:localhost/127.0.0.1:47657]
[DEBUG] Using pooled Channel '[id: 0x7fc39210, L:/127.0.0.1:56243 - R:localhost/127.0.0.1:47657]' for 'POST' to 'http://localhost:47657/session/5ea984d1d7c327c15c35fbb7834474d0/element/6923f789-3511-4d0e-962f-0fd79e0e534f/clear'
[DEBUG] Using open Channel [id: 0x7fc39210, L:/127.0.0.1:56243 - R:localhost/127.0.0.1:47657] for POST '/session/5ea984d1d7c327c15c35fbb7834474d0/element/6923f789-3511-4d0e-962f-0fd79e0e534f/clear'
[DEBUG] 

Request DefaultHttpRequest(decodeResult: success, version: HTTP/1.1)
POST /session/5ea984d1d7c327c15c35fbb7834474d0/element/6923f789-3511-4d0e-962f-0fd79e0e534f/clear HTTP/1.1
User-Agent: selenium/4.7.2 (java windows)
Content-Length: 50
Content-Type: application/json; charset=utf-8
host: localhost:47657
accept: */*

Response DefaultHttpResponse(decodeResult: success, version: HTTP/1.1)
HTTP/1.1 200 OK
Content-Type: application/json; charset=utf-8
cache-control: no-cache
content-length: 14

[DEBUG] Adding key: http://localhost:47657 for channel [id: 0x7fc39210, L:/127.0.0.1:56243 - R:localhost/127.0.0.1:47657]
[DEBUG] Using pooled Channel '[id: 0x7fc39210, L:/127.0.0.1:56243 - R:localhost/127.0.0.1:47657]' for 'POST' to 'http://localhost:47657/session/5ea984d1d7c327c15c35fbb7834474d0/element'
[DEBUG] Using open Channel [id: 0x7fc39210, L:/127.0.0.1:56243 - R:localhost/127.0.0.1:47657] for POST '/session/5ea984d1d7c327c15c35fbb7834474d0/element'
[DEBUG] 

Request DefaultHttpRequest(decodeResult: success, version: HTTP/1.1)
POST /session/5ea984d1d7c327c15c35fbb7834474d0/element HTTP/1.1
User-Agent: selenium/4.7.2 (java windows)
Content-Length: 53
Content-Type: application/json; charset=utf-8
host: localhost:47657
accept: */*

Response DefaultHttpResponse(decodeResult: success, version: HTTP/1.1)
HTTP/1.1 200 OK
Content-Type: application/json; charset=utf-8
cache-control: no-cache
content-length: 88

[DEBUG] Adding key: http://localhost:47657 for channel [id: 0x7fc39210, L:/127.0.0.1:56243 - R:localhost/127.0.0.1:47657]
[DEBUG] Using pooled Channel '[id: 0x7fc39210, L:/127.0.0.1:56243 - R:localhost/127.0.0.1:47657]' for 'POST' to 'http://localhost:47657/session/5ea984d1d7c327c15c35fbb7834474d0/element/6923f789-3511-4d0e-962f-0fd79e0e534f/value'
[DEBUG] Using open Channel [id: 0x7fc39210, L:/127.0.0.1:56243 - R:localhost/127.0.0.1:47657] for POST '/session/5ea984d1d7c327c15c35fbb7834474d0/element/6923f789-3511-4d0e-962f-0fd79e0e534f/value'
[DEBUG] 

Request DefaultHttpRequest(decodeResult: success, version: HTTP/1.1)
POST /session/5ea984d1d7c327c15c35fbb7834474d0/element/6923f789-3511-4d0e-962f-0fd79e0e534f/value HTTP/1.1
User-Agent: selenium/4.7.2 (java windows)
Content-Length: 131
Content-Type: application/json; charset=utf-8
host: localhost:47657
accept: */*

Response DefaultHttpResponse(decodeResult: success, version: HTTP/1.1)
HTTP/1.1 200 OK
Content-Type: application/json; charset=utf-8
cache-control: no-cache
content-length: 14

[DEBUG] Adding key: http://localhost:47657 for channel [id: 0x7fc39210, L:/127.0.0.1:56243 - R:localhost/127.0.0.1:47657]
[INFO ] 2023-04-01 14:30:25.863 [main] StepDef - User enters email and password
[DEBUG] Using pooled Channel '[id: 0x7fc39210, L:/127.0.0.1:56243 - R:localhost/127.0.0.1:47657]' for 'GET' to 'http://localhost:47657/session/5ea984d1d7c327c15c35fbb7834474d0/screenshot'
[DEBUG] Using open Channel [id: 0x7fc39210, L:/127.0.0.1:56243 - R:localhost/127.0.0.1:47657] for GET '/session/5ea984d1d7c327c15c35fbb7834474d0/screenshot'
[DEBUG] 

Request DefaultFullHttpRequest(decodeResult: success, version: HTTP/1.1, content: EmptyByteBufBE)
GET /session/5ea984d1d7c327c15c35fbb7834474d0/screenshot HTTP/1.1
User-Agent: selenium/4.7.2 (java windows)
Cache-Control: no-cache
Content-Type: application/json; charset=utf-8
host: localhost:47657
accept: */*

Response DefaultHttpResponse(decodeResult: success, version: HTTP/1.1)
HTTP/1.1 200 OK
Content-Type: application/json; charset=utf-8
cache-control: no-cache
content-length: 64608

[DEBUG] Adding key: http://localhost:47657 for channel [id: 0x7fc39210, L:/127.0.0.1:56243 - R:localhost/127.0.0.1:47657]
This is before step method
[DEBUG] Using pooled Channel '[id: 0x7fc39210, L:/127.0.0.1:56243 - R:localhost/127.0.0.1:47657]' for 'POST' to 'http://localhost:47657/session/5ea984d1d7c327c15c35fbb7834474d0/element'
[DEBUG] Using open Channel [id: 0x7fc39210, L:/127.0.0.1:56243 - R:localhost/127.0.0.1:47657] for POST '/session/5ea984d1d7c327c15c35fbb7834474d0/element'
[DEBUG] 

Request DefaultHttpRequest(decodeResult: success, version: HTTP/1.1)
POST /session/5ea984d1d7c327c15c35fbb7834474d0/element HTTP/1.1
User-Agent: selenium/4.7.2 (java windows)
Content-Length: 82
Content-Type: application/json; charset=utf-8
host: localhost:47657
accept: */*

Response DefaultHttpResponse(decodeResult: success, version: HTTP/1.1)
HTTP/1.1 200 OK
Content-Type: application/json; charset=utf-8
cache-control: no-cache
content-length: 88

[DEBUG] Adding key: http://localhost:47657 for channel [id: 0x7fc39210, L:/127.0.0.1:56243 - R:localhost/127.0.0.1:47657]
[DEBUG] Using pooled Channel '[id: 0x7fc39210, L:/127.0.0.1:56243 - R:localhost/127.0.0.1:47657]' for 'POST' to 'http://localhost:47657/session/5ea984d1d7c327c15c35fbb7834474d0/element/e5352dea-57e4-4e01-9bff-b8d15188d823/click'
[DEBUG] Using open Channel [id: 0x7fc39210, L:/127.0.0.1:56243 - R:localhost/127.0.0.1:47657] for POST '/session/5ea984d1d7c327c15c35fbb7834474d0/element/e5352dea-57e4-4e01-9bff-b8d15188d823/click'
[DEBUG] Entry count for : http://localhost:56246 : 1
[DEBUG] Entry count for : http://localhost:21881 : 1
[DEBUG] 

Request DefaultHttpRequest(decodeResult: success, version: HTTP/1.1)
POST /session/5ea984d1d7c327c15c35fbb7834474d0/element/e5352dea-57e4-4e01-9bff-b8d15188d823/click HTTP/1.1
User-Agent: selenium/4.7.2 (java windows)
Content-Length: 50
Content-Type: application/json; charset=utf-8
host: localhost:47657
accept: */*

Response DefaultHttpResponse(decodeResult: success, version: HTTP/1.1)
HTTP/1.1 200 OK
Content-Type: application/json; charset=utf-8
cache-control: no-cache
content-length: 14

[DEBUG] Adding key: http://localhost:47657 for channel [id: 0x7fc39210, L:/127.0.0.1:56243 - R:localhost/127.0.0.1:47657]
[INFO ] 2023-04-01 14:30:27.379 [main] StepDef - User click on Login....
[DEBUG] Using pooled Channel '[id: 0x7fc39210, L:/127.0.0.1:56243 - R:localhost/127.0.0.1:47657]' for 'GET' to 'http://localhost:47657/session/5ea984d1d7c327c15c35fbb7834474d0/screenshot'
[DEBUG] Using open Channel [id: 0x7fc39210, L:/127.0.0.1:56243 - R:localhost/127.0.0.1:47657] for GET '/session/5ea984d1d7c327c15c35fbb7834474d0/screenshot'
[DEBUG] 

Request DefaultFullHttpRequest(decodeResult: success, version: HTTP/1.1, content: EmptyByteBufBE)
GET /session/5ea984d1d7c327c15c35fbb7834474d0/screenshot HTTP/1.1
User-Agent: selenium/4.7.2 (java windows)
Cache-Control: no-cache
Content-Type: application/json; charset=utf-8
host: localhost:47657
accept: */*

Response DefaultHttpResponse(decodeResult: success, version: HTTP/1.1)
HTTP/1.1 200 OK
Content-Type: application/json; charset=utf-8
cache-control: no-cache
content-length: 71328

[DEBUG] Adding key: http://localhost:47657 for channel [id: 0x7fc39210, L:/127.0.0.1:56243 - R:localhost/127.0.0.1:47657]
This is before step method
[DEBUG] Using pooled Channel '[id: 0x7fc39210, L:/127.0.0.1:56243 - R:localhost/127.0.0.1:47657]' for 'GET' to 'http://localhost:47657/session/5ea984d1d7c327c15c35fbb7834474d0/title'
[DEBUG] Using open Channel [id: 0x7fc39210, L:/127.0.0.1:56243 - R:localhost/127.0.0.1:47657] for GET '/session/5ea984d1d7c327c15c35fbb7834474d0/title'
[DEBUG] 

Request DefaultFullHttpRequest(decodeResult: success, version: HTTP/1.1, content: EmptyByteBufBE)
GET /session/5ea984d1d7c327c15c35fbb7834474d0/title HTTP/1.1
User-Agent: selenium/4.7.2 (java windows)
Cache-Control: no-cache
Content-Type: application/json; charset=utf-8
host: localhost:47657
accept: */*

Response DefaultHttpResponse(decodeResult: success, version: HTTP/1.1)
HTTP/1.1 200 OK
Content-Type: application/json; charset=utf-8
cache-control: no-cache
content-length: 29

[DEBUG] Adding key: http://localhost:47657 for channel [id: 0x7fc39210, L:/127.0.0.1:56243 - R:localhost/127.0.0.1:47657]
[WARN ] 2023-04-01 14:30:27.511 [main] StepDef - Test failed: Login feature page title not matched
[DEBUG] Using pooled Channel '[id: 0x7fc39210, L:/127.0.0.1:56243 - R:localhost/127.0.0.1:47657]' for 'GET' to 'http://localhost:47657/session/5ea984d1d7c327c15c35fbb7834474d0/screenshot'
[DEBUG] Using open Channel [id: 0x7fc39210, L:/127.0.0.1:56243 - R:localhost/127.0.0.1:47657] for GET '/session/5ea984d1d7c327c15c35fbb7834474d0/screenshot'
[DEBUG] 

Request DefaultFullHttpRequest(decodeResult: success, version: HTTP/1.1, content: EmptyByteBufBE)
GET /session/5ea984d1d7c327c15c35fbb7834474d0/screenshot HTTP/1.1
User-Agent: selenium/4.7.2 (java windows)
Cache-Control: no-cache
Content-Type: application/json; charset=utf-8
host: localhost:47657
accept: */*

Response DefaultHttpResponse(decodeResult: success, version: HTTP/1.1)
HTTP/1.1 200 OK
Content-Type: application/json; charset=utf-8
cache-control: no-cache
content-length: 71328

[DEBUG] Adding key: http://localhost:47657 for channel [id: 0x7fc39210, L:/127.0.0.1:56243 - R:localhost/127.0.0.1:47657]
Tear down method executed
[DEBUG] Using pooled Channel '[id: 0x7fc39210, L:/127.0.0.1:56243 - R:localhost/127.0.0.1:47657]' for 'GET' to 'http://localhost:47657/session/5ea984d1d7c327c15c35fbb7834474d0/screenshot'
[DEBUG] Using open Channel [id: 0x7fc39210, L:/127.0.0.1:56243 - R:localhost/127.0.0.1:47657] for GET '/session/5ea984d1d7c327c15c35fbb7834474d0/screenshot'
[DEBUG] 

Request DefaultFullHttpRequest(decodeResult: success, version: HTTP/1.1, content: EmptyByteBufBE)
GET /session/5ea984d1d7c327c15c35fbb7834474d0/screenshot HTTP/1.1
User-Agent: selenium/4.7.2 (java windows)
Cache-Control: no-cache
Content-Type: application/json; charset=utf-8
host: localhost:47657
accept: */*

Response DefaultHttpResponse(decodeResult: success, version: HTTP/1.1)
HTTP/1.1 200 OK
Content-Type: application/json; charset=utf-8
cache-control: no-cache
content-length: 71372

[DEBUG] Adding key: http://localhost:47657 for channel [id: 0x7fc39210, L:/127.0.0.1:56243 - R:localhost/127.0.0.1:47657]
]]></system-out>
    <system-err><![CDATA[Starting ChromeDriver 111.0.5563.64 (c710e93d5b63b7095afe8c2c17df34408078439d-refs/branch-heads/5563@{#995}) on port 47657
Only local connections are allowed.
Please see https://chromedriver.chromium.org/security-considerations for suggestions on keeping ChromeDriver safe.
ChromeDriver was started successfully.
Apr 01, 2023 2:30:22 PM org.openqa.selenium.devtools.CdpVersionFinder findNearestMatch
WARNING: Unable to find an exact match for CDP version 111, so returning the closest version found: 108
]]></system-err>
  </testcase>
</testsuite>