<?xml version="1.0" encoding="UTF-8"?>
<!-- Generated by org.testng.reporters.JUnitReportReporter -->
<testsuite hostname="INTLAP-485-Subir-Sarkar" failures="1" tests="2" name="runner.TestRunner" time="13.889" errors="0" timestamp="2023-04-01T17:18:49 IST" skipped="0">
  <testcase classname="runner.TestRunner" name="runScenario" time="4.323">
    <failure type="java.lang.AssertionError">
      <![CDATA[java.lang.AssertionError
at org.junit.Assert.fail(Assert.java:87)
at org.junit.Assert.assertTrue(Assert.java:42)
at org.junit.Assert.assertTrue(Assert.java:53)
at stepDefinition.StepDef.page_title_should_be(StepDef.java:230)
at âœ½.page title should be "Dashboard / nopCommerce administration"(file:///G:/My%20Drive/EclpsePrjct1/CucumberWithCodeStudio/./Features/LoginFeature.feature:19)
]]>
    </failure>
  </testcase> <!-- runScenario -->
  <system-out/>
  <testcase classname="runner.TestRunner" name="runScenario" time="9.566"/>
  <system-out/>
</testsuite> <!-- runner.TestRunner -->
